[2018-06-08 19:02:32.183984] [0x00007f5a67aaca00] [info ] (main.cpp:230) - radiotray-ng (v0.2.2-10-gc18efeb-dirty) starting up
[2018-06-08 19:02:32.184045] [0x00007f5a67aaca00] [debug] (config.cpp:31) - loading: /home/swipe/.config/radiotray-ng/radiotray-ng.json
[2018-06-08 19:02:32.184096] [0x00007f5a67aaca00] [info ] (main.cpp:90) - debug logging disabled
[2018-06-08 19:02:32.184110] [0x00007f5a67aaca00] [info ] (player.cpp:31) - starting gstreamer
[2018-06-08 19:02:32.211909] [0x00007f5a67aaca00] [info ] (media_keys.cpp:184) - starting media keys
[2018-06-08 19:02:35.151635] [0x00007f5a67aaca00] [info ] (radiotray_ng.cpp:482) - downloading: Imported, LBC UK, http://media-ice.musicradio.com/LBCUK.m3u
[2018-06-08 19:02:40.754721] [0x00007f5a67aaca00] [info ] (playlist_downloader.cpp:90) - decoder: M3U, audio/x-mpegurl
[2018-06-08 19:02:47.349707] [0x00007f5a67aaca00] [info ] (radiotray_ng.cpp:54) - stopping player
[2018-06-08 19:02:47.364283] [0x00007f5a67aaca00] [info ] (player.cpp:128) - canceling outstanding clock request
[2018-06-09 10:02:23.506892] [0x00007f5a67aaca00] [info ] (radiotray_ng.cpp:482) - downloading: Imported, LBC UK, http://media-ice.musicradio.com/LBCUK.m3u
[2018-06-09 10:02:29.101601] [0x00007f5a67aaca00] [info ] (playlist_downloader.cpp:90) - decoder: M3U, audio/x-mpegurl
[2018-06-09 10:06:02.585437] [0x00007f5a67aaca00] [info ] (radiotray_ng.cpp:482) - downloading: Imported, Planet Rock, https://stream-mz.planetradio.co.uk/planetrock.aac
[2018-06-09 10:06:04.598430] [0x00007f5a67aaca00] [warning] (playlist_downloader.cpp:191) - Content exceeds our limit of 4,096 bytes!
[2018-06-09 10:06:04.600495] [0x00007f5a67aaca00] [info ] (playlist_downloader.cpp:95) - no decoders, assuming direct media stream of content-type: audio/aacp
[2018-06-09 10:26:52.602900] [0x00007f5a67aaca00] [info ] (radiotray_ng.cpp:482) - downloading: Imported, LBC UK, http://media-ice.musicradio.com/LBCUK.m3u
[2018-06-09 10:26:52.749700] [0x00007f5a67aaca00] [info ] (playlist_downloader.cpp:90) - decoder: M3U, audio/x-mpegurl
[2018-06-09 10:27:01.902035] [0x00007f5a67aaca00] [info ] (radiotray_ng.cpp:54) - stopping player
[2018-06-09 10:27:01.919550] [0x00007f5a67aaca00] [info ] (player.cpp:128) - canceling outstanding clock request
[2018-06-11 07:20:21.795475] [0x00007f5a67aaca00] [info ] (radiotray_ng.cpp:482) - downloading: Imported, LBC UK, http://media-ice.musicradio.com/LBCUK.m3u
[2018-06-11 07:20:22.007376] [0x00007f5a67aaca00] [info ] (playlist_downloader.cpp:90) - decoder: M3U, audio/x-mpegurl
[2018-06-11 07:23:48.249017] [0x00007f5a67aaca00] [info ] (radiotray_ng.cpp:54) - stopping player
[2018-06-11 07:25:27.712226] [0x00007f5a67aaca00] [info ] (radiotray_ng.cpp:482) - downloading: Imported, LBC UK, http://media-ice.musicradio.com/LBCUK.m3u
[2018-06-11 07:25:28.190790] [0x00007f5a67aaca00] [info ] (playlist_downloader.cpp:90) - decoder: M3U, audio/x-mpegurl
[2018-06-11 07:39:10.861972] [0x00007f5a67aaca00] [info ] (radiotray_ng.cpp:54) - stopping player
[2018-06-11 07:42:21.359499] [0x00007f5a67aaca00] [info ] (radiotray_ng.cpp:482) - downloading: Imported, LBC UK, http://media-ice.musicradio.com/LBCUK.m3u
[2018-06-11 07:42:21.802660] [0x00007f5a67aaca00] [info ] (playlist_downloader.cpp:90) - decoder: M3U, audio/x-mpegurl
[2018-06-11 07:59:45.287852] [0x00007f5a67aaca00] [info ] (radiotray_ng.cpp:54) - stopping player
[2018-06-12 07:14:27.060025] [0x00007f5a67aaca00] [info ] (radiotray_ng.cpp:482) - downloading: Imported, LBC UK, http://media-ice.musicradio.com/LBCUK.m3u
[2018-06-12 07:14:27.292104] [0x00007f5a67aaca00] [info ] (playlist_downloader.cpp:90) - decoder: M3U, audio/x-mpegurl
[2018-06-12 07:47:47.798685] [0x00007f5a67aaca00] [info ] (radiotray_ng.cpp:54) - stopping player
[2018-06-13 07:19:28.993075] [0x00007f5a67aaca00] [info ] (radiotray_ng.cpp:482) - downloading: Imported, LBC UK, http://media-ice.musicradio.com/LBCUK.m3u
[2018-06-13 07:19:29.142808] [0x00007f5a67aaca00] [info ] (playlist_downloader.cpp:90) - decoder: M3U, audio/x-mpegurl
[2018-06-13 07:26:45.245933] [0x00007f5a67aaca00] [info ] (radiotray_ng.cpp:54) - stopping player
[2018-06-13 07:26:54.076071] [0x00007f5a67aaca00] [info ] (radiotray_ng.cpp:482) - downloading: Imported, LBC UK, http://media-ice.musicradio.com/LBCUK.m3u
[2018-06-13 07:26:54.333940] [0x00007f5a67aaca00] [info ] (playlist_downloader.cpp:90) - decoder: M3U, audio/x-mpegurl
[2018-06-13 07:40:44.614420] [0x00007f5a67aaca00] [info ] (radiotray_ng.cpp:54) - stopping player
[2018-06-13 07:40:49.438759] [0x00007f5a67aaca00] [info ] (radiotray_ng.cpp:482) - downloading: Imported, LBC UK, http://media-ice.musicradio.com/LBCUK.m3u
[2018-06-13 07:40:49.455480] [0x00007f5a67aaca00] [error] (playlist_downloader.cpp:150) - curl_easy_perform() failed: Couldn't resolve host name 0
[2018-06-13 07:40:49.455548] [0x00007f5a67aaca00] [error] (playlist_downloader.cpp:69) - Could not download playlist!
[2018-06-13 07:40:49.455565] [0x00007f5a67aaca00] [error] (playlist_downloader.cpp:79) - http_resp_code = 0
[2018-06-13 07:40:49.455578] [0x00007f5a67aaca00] [error] (radiotray_ng.cpp:511) - failed to download playlist: http://media-ice.musicradio.com/LBCUK.m3u
[2018-06-13 07:41:04.576462] [0x00007f5a67aaca00] [info ] (radiotray_ng.cpp:482) - downloading: Imported, LBC UK, http://media-ice.musicradio.com/LBCUK.m3u
[2018-06-13 07:41:04.714106] [0x00007f5a67aaca00] [info ] (playlist_downloader.cpp:90) - decoder: M3U, audio/x-mpegurl
[2018-06-13 07:45:57.649114] [0x00007f5a67aaca00] [info ] (radiotray_ng.cpp:54) - stopping player
[2018-06-13 07:46:43.180095] [0x00007f5d52c18a00] [info ] (main.cpp:230) - radiotray-ng (v0.2.2-10-gc18efeb-dirty) starting up
[2018-06-13 07:46:43.180693] [0x00007f5d52c18a00] [debug] (config.cpp:31) - loading: /home/swipe/.config/radiotray-ng/radiotray-ng.json
[2018-06-13 07:46:43.180937] [0x00007f5d52c18a00] [info ] (main.cpp:90) - debug logging disabled
[2018-06-13 07:46:43.180973] [0x00007f5d52c18a00] [info ] (player.cpp:31) - starting gstreamer
[2018-06-13 07:46:43.477723] [0x00007f5d52c18a00] [info ] (media_keys.cpp:184) - starting media keys
[2018-06-13 07:47:19.228392] [0x00007f5d52c18a00] [info ] (radiotray_ng.cpp:482) - downloading: Imported, LBC UK, http://media-ice.musicradio.com/LBCUK.m3u
[2018-06-13 07:47:19.369826] [0x00007f5d52c18a00] [info ] (playlist_downloader.cpp:90) - decoder: M3U, audio/x-mpegurl
[2018-06-13 08:06:49.688229] [0x00007f5d52c18a00] [info ] (radiotray_ng.cpp:54) - stopping player
[2018-06-14 08:56:27.077811] [0x00007f5d52c18a00] [info ] (radiotray_ng.cpp:482) - downloading: Imported, LBC UK, http://media-ice.musicradio.com/LBCUK.m3u
[2018-06-14 08:56:27.418590] [0x00007f5d52c18a00] [info ] (playlist_downloader.cpp:90) - decoder: M3U, audio/x-mpegurl
[2018-06-14 08:59:14.475526] [0x00007f5d52c18a00] [info ] (radiotray_ng.cpp:54) - stopping player
[2018-06-14 08:59:59.054001] [0x00007f1a1584ea00] [info ] (main.cpp:230) - radiotray-ng (v0.2.2-10-gc18efeb-dirty) starting up
[2018-06-14 08:59:59.055036] [0x00007f1a1584ea00] [debug] (config.cpp:31) - loading: /home/swipe/.config/radiotray-ng/radiotray-ng.json
[2018-06-14 08:59:59.055785] [0x00007f1a1584ea00] [info ] (main.cpp:90) - debug logging disabled
[2018-06-14 08:59:59.055838] [0x00007f1a1584ea00] [info ] (player.cpp:31) - starting gstreamer
[2018-06-14 08:59:59.331058] [0x00007f1a1584ea00] [info ] (media_keys.cpp:184) - starting media keys
[2018-06-14 09:00:45.432723] [0x00007f1a1584ea00] [info ] (radiotray_ng.cpp:482) - downloading: Imported, LBC UK, http://media-ice.musicradio.com/LBCUK.m3u
[2018-06-14 09:00:45.583951] [0x00007f1a1584ea00] [info ] (playlist_downloader.cpp:90) - decoder: M3U, audio/x-mpegurl
[2018-06-14 10:14:38.195585] [0x00007f1a1584ea00] [info ] (radiotray_ng.cpp:54) - stopping player
[2018-06-15 07:38:13.643487] [0x00007f1a1584ea00] [info ] (radiotray_ng.cpp:482) - downloading: Imported, LBC UK, http://media-ice.musicradio.com/LBCUK.m3u
[2018-06-15 07:38:13.793173] [0x00007f1a1584ea00] [info ] (playlist_downloader.cpp:90) - decoder: M3U, audio/x-mpegurl
[2018-06-15 07:55:37.866803] [0x00007f1a1584ea00] [info ] (radiotray_ng.cpp:54) - stopping player
[2018-06-15 07:55:45.770462] [0x00007f1a1584ea00] [info ] (radiotray_ng.cpp:482) - downloading: Imported, LBC UK, http://media-ice.musicradio.com/LBCUK.m3u
[2018-06-15 07:55:46.004389] [0x00007f1a1584ea00] [info ] (playlist_downloader.cpp:90) - decoder: M3U, audio/x-mpegurl
[2018-06-15 08:09:45.364811] [0x00007f1a1584ea00] [info ] (radiotray_ng.cpp:54) - stopping player
[2018-06-16 09:22:46.603540] [0x00007f1a1584ea00] [info ] (radiotray_ng.cpp:482) - downloading: Imported, LBC UK, http://media-ice.musicradio.com/LBCUK.m3u
[2018-06-16 09:22:46.752813] [0x00007f1a1584ea00] [info ] (playlist_downloader.cpp:90) - decoder: M3U, audio/x-mpegurl
[2018-06-16 09:24:50.265430] [0x00007f1a1584ea00] [info ] (radiotray_ng.cpp:54) - stopping player
[2018-06-16 09:26:19.520785] [0x00007f1a1584ea00] [info ] (radiotray_ng.cpp:482) - downloading: Imported, LBC UK, http://media-ice.musicradio.com/LBCUK.m3u
[2018-06-16 09:26:19.775748] [0x00007f1a1584ea00] [info ] (playlist_downloader.cpp:90) - decoder: M3U, audio/x-mpegurl
[2018-06-16 09:38:34.966114] [0x00007f1a1584ea00] [info ] (radiotray_ng.cpp:54) - stopping player
[2018-06-16 09:38:39.732314] [0x00007f1a1584ea00] [info ] (radiotray_ng.cpp:482) - downloading: Imported, LBC UK, http://media-ice.musicradio.com/LBCUK.m3u
[2018-06-16 09:38:39.867426] [0x00007f1a1584ea00] [info ] (playlist_downloader.cpp:90) - decoder: M3U, audio/x-mpegurl
[2018-06-16 09:57:44.977544] [0x00007f1a1584ea00] [info ] (radiotray_ng.cpp:54) - stopping player
[2018-06-17 09:23:57.006477] [0x00007f1a1584ea00] [info ] (radiotray_ng.cpp:482) - downloading: Imported, LBC UK, http://media-ice.musicradio.com/LBCUK.m3u
[2018-06-17 09:23:57.146665] [0x00007f1a1584ea00] [info ] (playlist_downloader.cpp:90) - decoder: M3U, audio/x-mpegurl
[2018-06-17 09:29:06.583156] [0x00007f1a1584ea00] [info ] (radiotray_ng.cpp:54) - stopping player
[2018-06-17 09:29:57.233967] [0x00007f5c806d5a00] [info ] (main.cpp:230) - radiotray-ng (v0.2.2-10-gc18efeb-dirty) starting up
[2018-06-17 09:29:57.234911] [0x00007f5c806d5a00] [debug] (config.cpp:31) - loading: /home/swipe/.config/radiotray-ng/radiotray-ng.json
[2018-06-17 09:29:57.235265] [0x00007f5c806d5a00] [info ] (main.cpp:90) - debug logging disabled
[2018-06-17 09:29:57.235336] [0x00007f5c806d5a00] [info ] (player.cpp:31) - starting gstreamer
[2018-06-17 09:29:57.483908] [0x00007f5c806d5a00] [info ] (media_keys.cpp:184) - starting media keys
[2018-06-17 09:33:41.345800] [0x00007f5c806d5a00] [info ] (radiotray_ng.cpp:482) - downloading: Imported, LBC UK, http://media-ice.musicradio.com/LBCUK.m3u
[2018-06-17 09:33:41.500112] [0x00007f5c806d5a00] [info ] (playlist_downloader.cpp:90) - decoder: M3U, audio/x-mpegurl
[2018-06-17 10:27:45.636658] [0x00007f5c806d5a00] [info ] (radiotray_ng.cpp:54) - stopping player
[2018-06-18 07:26:37.914602] [0x00007f5c806d5a00] [info ] (radiotray_ng.cpp:482) - downloading: Imported, LBC UK, http://media-ice.musicradio.com/LBCUK.m3u
[2018-06-18 07:26:38.252705] [0x00007f5c806d5a00] [info ] (playlist_downloader.cpp:90) - decoder: M3U, audio/x-mpegurl
[2018-06-18 07:39:11.753663] [0x00007f5c806d5a00] [info ] (radiotray_ng.cpp:54) - stopping player
[2018-06-18 07:39:52.506952] [0x00007f0e31b6ea00] [info ] (main.cpp:230) - radiotray-ng (v0.2.2-10-gc18efeb-dirty) starting up
[2018-06-18 07:39:52.508379] [0x00007f0e31b6ea00] [debug] (config.cpp:31) - loading: /home/swipe/.config/radiotray-ng/radiotray-ng.json
[2018-06-18 07:39:52.508774] [0x00007f0e31b6ea00] [info ] (main.cpp:90) - debug logging disabled
[2018-06-18 07:39:52.508833] [0x00007f0e31b6ea00] [info ] (player.cpp:31) - starting gstreamer
[2018-06-18 07:39:52.740406] [0x00007f0e31b6ea00] [info ] (media_keys.cpp:184) - starting media keys
[2018-06-18 07:41:35.177174] [0x00007f0e31b6ea00] [info ] (radiotray_ng.cpp:482) - downloading: Imported, LBC UK, http://media-ice.musicradio.com/LBCUK.m3u
[2018-06-18 07:41:35.365554] [0x00007f0e31b6ea00] [info ] (playlist_downloader.cpp:90) - decoder: M3U, audio/x-mpegurl
[2018-06-18 08:13:41.613583] [0x00007f0e31b6ea00] [info ] (radiotray_ng.cpp:54) - stopping player
[2018-06-18 17:59:56.022278] [0x00007f0e31b6ea00] [info ] (radiotray_ng.cpp:482) - downloading: Imported, LBC UK, http://media-ice.musicradio.com/LBCUK.m3u
[2018-06-18 17:59:56.152063] [0x00007f0e31b6ea00] [info ] (playlist_downloader.cpp:90) - decoder: M3U, audio/x-mpegurl
[2018-06-18 18:00:07.794287] [0x00007f0e31b6ea00] [info ] (radiotray_ng.cpp:482) - downloading: BBC, 5live, http://www.listenlive.eu/bbc5live.m3u
[2018-06-18 18:00:07.990924] [0x00007f0e31b6ea00] [info ] (playlist_downloader.cpp:90) - decoder: M3U, audio/x-mpegurl
[2018-06-18 18:00:26.184582] [0x00007f0e31b6ea00] [info ] (radiotray_ng.cpp:482) - downloading: Imported, LBC UK, http://media-ice.musicradio.com/LBCUK.m3u
[2018-06-18 18:00:26.322498] [0x00007f0e31b6ea00] [info ] (playlist_downloader.cpp:90) - decoder: M3U, audio/x-mpegurl
[2018-06-18 18:04:58.948933] [0x00007f0e31b6ea00] [info ] (radiotray_ng.cpp:54) - stopping player
[2018-06-18 21:38:37.664686] [0x00007f0e31b6ea00] [info ] (radiotray_ng.cpp:482) - downloading: Imported, LBC UK, http://media-ice.musicradio.com/LBCUK.m3u
[2018-06-18 21:38:37.804715] [0x00007f0e31b6ea00] [info ] (playlist_downloader.cpp:90) - decoder: M3U, audio/x-mpegurl
[2018-06-18 21:38:38.817799] [0x00007f0e31b6ea00] [info ] (radiotray_ng.cpp:54) - stopping player
[2018-06-18 21:38:38.823437] [0x00007f0e31b6ea00] [info ] (player.cpp:128) - canceling outstanding clock request
[2018-06-18 21:38:41.579073] [0x00007f0e31b6ea00] [info ] (radiotray_ng.cpp:482) - downloading: BBC, 5live, http://bbcmedia.ic.llnwd.net/stream/bbcmedia_radio5live_mfmv_p?s=1529346972&e=1529361372&h=5bc2fbd8db0c01b792f4b16325220f1f
[2018-06-18 21:38:42.345518] [0x00007f0e31b6ea00] [warning] (playlist_downloader.cpp:191) - Content exceeds our limit of 4,096 bytes!
[2018-06-18 21:38:42.345836] [0x00007f0e31b6ea00] [info ] (playlist_downloader.cpp:95) - no decoders, assuming direct media stream of content-type: audio/mpeg
[2018-06-18 21:40:05.336992] [0x00007f0e31b6ea00] [info ] (radiotray_ng.cpp:54) - stopping player
[2018-06-19 07:39:10.496511] [0x00007f0e31b6ea00] [info ] (radiotray_ng.cpp:482) - downloading: Imported, LBC UK, http://media-ice.musicradio.com/LBCUK.m3u
[2018-06-19 07:39:10.625215] [0x00007f0e31b6ea00] [info ] (playlist_downloader.cpp:90) - decoder: M3U, audio/x-mpegurl
[2018-06-19 08:16:16.919403] [0x00007f0e31b6ea00] [info ] (radiotray_ng.cpp:54) - stopping player
[2018-06-20 08:35:50.316388] [0x00007f0e31b6ea00] [info ] (radiotray_ng.cpp:482) - downloading: Imported, LBC UK, http://media-ice.musicradio.com/LBCUK.m3u
[2018-06-20 08:35:50.562403] [0x00007f0e31b6ea00] [info ] (playlist_downloader.cpp:90) - decoder: M3U, audio/x-mpegurl
[2018-06-20 08:36:06.416677] [0x00007f0e31b6ea00] [info ] (radiotray_ng.cpp:54) - stopping player
[2018-06-20 08:38:27.599048] [0x00007f297e593a00] [info ] (main.cpp:230) - radiotray-ng (v0.2.2-10-gc18efeb-dirty) starting up
[2018-06-20 08:38:27.599736] [0x00007f297e593a00] [debug] (config.cpp:31) - loading: /home/swipe/.config/radiotray-ng/radiotray-ng.json
[2018-06-20 08:38:27.600380] [0x00007f297e593a00] [info ] (main.cpp:90) - debug logging disabled
[2018-06-20 08:38:27.600478] [0x00007f297e593a00] [info ] (player.cpp:31) - starting gstreamer
[2018-06-20 08:38:27.910054] [0x00007f297e593a00] [info ] (media_keys.cpp:184) - starting media keys
[2018-06-20 08:38:51.111998] [0x00007f297e593a00] [info ] (radiotray_ng.cpp:482) - downloading: Imported, LBC UK, http://media-ice.musicradio.com/LBCUK.m3u
[2018-06-20 08:38:51.283488] [0x00007f297e593a00] [info ] (playlist_downloader.cpp:90) - decoder: M3U, audio/x-mpegurl
[2018-06-20 09:53:02.332930] [0x00007f297e593a00] [info ] (radiotray_ng.cpp:482) - downloading: Imported, LBC UK, http://media-ice.musicradio.com/LBCUK.m3u
[2018-06-20 09:53:02.708785] [0x00007f297e593a00] [info ] (playlist_downloader.cpp:90) - decoder: M3U, audio/x-mpegurl
[2018-06-20 10:35:15.558858] [0x00007f297e593a00] [info ] (radiotray_ng.cpp:54) - stopping player
[2018-06-21 08:05:57.697855] [0x00007f297e593a00] [info ] (radiotray_ng.cpp:482) - downloading: Imported, LBC UK, http://media-ice.musicradio.com/LBCUK.m3u
[2018-06-21 08:05:57.846319] [0x00007f297e593a00] [info ] (playlist_downloader.cpp:90) - decoder: M3U, audio/x-mpegurl
[2018-06-21 08:07:34.521047] [0x00007f297e593a00] [info ] (radiotray_ng.cpp:54) - stopping player
[2018-06-21 08:08:17.068330] [0x00007fcd9aab8a00] [info ] (main.cpp:230) - radiotray-ng (v0.2.2-10-gc18efeb-dirty) starting up
[2018-06-21 08:08:17.072300] [0x00007fcd9aab8a00] [debug] (config.cpp:31) - loading: /home/swipe/.config/radiotray-ng/radiotray-ng.json
[2018-06-21 08:08:17.072589] [0x00007fcd9aab8a00] [info ] (main.cpp:90) - debug logging disabled
[2018-06-21 08:08:17.072632] [0x00007fcd9aab8a00] [info ] (player.cpp:31) - starting gstreamer
[2018-06-21 08:08:17.291424] [0x00007fcd9aab8a00] [info ] (media_keys.cpp:184) - starting media keys
[2018-06-21 08:19:23.718052] [0x00007fcd9aab8a00] [info ] (radiotray_ng.cpp:482) - downloading: Imported, LBC UK, http://media-ice.musicradio.com/LBCUK.m3u
[2018-06-21 08:19:23.881969] [0x00007fcd9aab8a00] [info ] (playlist_downloader.cpp:90) - decoder: M3U, audio/x-mpegurl
[2018-06-21 08:25:36.257234] [0x00007fcd9aab8a00] [info ] (radiotray_ng.cpp:54) - stopping player
[2018-06-21 08:25:37.853473] [0x00007fcd9aab8a00] [info ] (radiotray_ng.cpp:482) - downloading: Imported, LBC UK, http://media-ice.musicradio.com/LBCUK.m3u
[2018-06-21 08:25:38.093796] [0x00007fcd9aab8a00] [info ] (playlist_downloader.cpp:90) - decoder: M3U, audio/x-mpegurl
[2018-06-21 09:12:50.249071] [0x00007fcd9aab8a00] [info ] (radiotray_ng.cpp:54) - stopping player
[2018-06-21 09:12:55.009130] [0x00007fcd9aab8a00] [info ] (radiotray_ng.cpp:482) - downloading: Imported, LBC UK, http://media-ice.musicradio.com/LBCUK.m3u
[2018-06-21 09:12:55.149606] [0x00007fcd9aab8a00] [info ] (playlist_downloader.cpp:90) - decoder: M3U, audio/x-mpegurl
[2018-06-21 10:00:45.245744] [0x00007fcd9aab8a00] [info ] (radiotray_ng.cpp:54) - stopping player
[2018-06-22 07:40:25.935131] [0x00007fcd9aab8a00] [info ] (radiotray_ng.cpp:482) - downloading: Imported, LBC UK, http://media-ice.musicradio.com/LBCUK.m3u
[2018-06-22 07:40:26.121397] [0x00007fcd9aab8a00] [info ] (playlist_downloader.cpp:90) - decoder: M3U, audio/x-mpegurl
[2018-06-22 07:53:35.123252] [0x00007fcd9aab8a00] [error] (player.cpp:203) - error received from element source: Server does not support seeking.
[2018-06-22 07:53:35.123300] [0x00007fcd9aab8a00] [error] (player.cpp:204) - debugging information: gstsouphttpsrc.c(1615): gst_soup_http_src_do_request (): /GstPlayBin:player/GstURIDecodeBin:uridecodebin3/GstSoupHTTPSrc:source:
Server does not accept Range HTTP header, URL: http://media-sov.musicradio.com:80/LBCUK, Redirect to: (NULL)
[2018-06-22 07:53:35.126222] [0x00007fcd9aab8a00] [info ] (player.cpp:76) - playlist is empty
[2018-06-22 07:53:42.564826] [0x00007fcd51f45700] [error] (player.cpp:179) - buffering timeout, restarting stream...
[2018-06-22 08:15:33.054655] [0x00007fcd9aab8a00] [info ] (radiotray_ng.cpp:54) - stopping player
[2018-06-23 04:25:32.449992] [0x00007fcd9aab8a00] [info ] (radiotray_ng.cpp:482) - downloading: Imported, LBC UK, http://media-ice.musicradio.com/LBCUK.m3u
[2018-06-23 04:25:32.587554] [0x00007fcd9aab8a00] [info ] (playlist_downloader.cpp:90) - decoder: M3U, audio/x-mpegurl
[2018-06-23 04:41:29.771777] [0x00007fcd9aab8a00] [info ] (radiotray_ng.cpp:54) - stopping player
[2018-06-23 08:31:51.794415] [0x00007fcd9aab8a00] [info ] (radiotray_ng.cpp:482) - downloading: Imported, LBC UK, http://media-ice.musicradio.com/LBCUK.m3u
[2018-06-23 08:31:51.933778] [0x00007fcd9aab8a00] [info ] (playlist_downloader.cpp:90) - decoder: M3U, audio/x-mpegurl
[2018-06-23 10:10:12.878526] [0x00007fcd9aab8a00] [info ] (radiotray_ng.cpp:54) - stopping player
[2018-06-24 07:21:24.992172] [0x00007fcd9aab8a00] [info ] (radiotray_ng.cpp:482) - downloading: Imported, LBC UK, http://media-ice.musicradio.com/LBCUK.m3u
[2018-06-24 07:21:25.128070] [0x00007fcd9aab8a00] [info ] (playlist_downloader.cpp:90) - decoder: M3U, audio/x-mpegurl
[2018-06-24 08:18:07.196956] [0x00007fcd9aab8a00] [info ] (radiotray_ng.cpp:54) - stopping player
[2018-06-24 08:19:51.555492] [0x00007fcd9aab8a00] [info ] (radiotray_ng.cpp:482) - downloading: Imported, LBC UK, http://media-ice.musicradio.com/LBCUK.m3u
[2018-06-24 08:19:51.697132] [0x00007fcd9aab8a00] [info ] (playlist_downloader.cpp:90) - decoder: M3U, audio/x-mpegurl
